module_main/build/intermediates/manifest_merge_blame_file/debug/manifest-merger-blame-debug-report.txt
1<?xml version="1.0" encoding="utf-8"?>
2<manifest xmlns:android="http://schemas.android.com/apk/res/android"
3    xmlns:tools="http://schemas.android.com/tools"
4    package="com.example.module_main" >
5
6    <uses-sdk
7        android:minSdkVersion="21"
7-->src\main\AndroidManifest.xml
8        android:targetSdkVersion="33" />
8-->src\main\AndroidManifest.xml
9
10    <application>
10-->src\main\AndroidManifest.xml:6:5-194:19
11
12        <!-- android:theme="@style/Theme.App.Starting" -->
13        <activity
13-->src\main\AndroidManifest.xml:8:9-54:20
14            android:name="com.example.module_main.ui.splash.SplashActivity"
14-->src\main\AndroidManifest.xml:9:13-76
15            android:autoVerify="true"
15-->src\main\AndroidManifest.xml:10:13-38
16            android:exported="true"
16-->src\main\AndroidManifest.xml:11:13-36
17            android:theme="@style/Theme.Splash"
17-->src\main\AndroidManifest.xml:13:13-48
18            tools:targetApi="m" >
18-->src\main\AndroidManifest.xml:12:13-32
19            <intent-filter>
19-->src\main\AndroidManifest.xml:15:13-19:29
20                <action android:name="android.intent.action.MAIN" />
20-->src\main\AndroidManifest.xml:16:17-69
20-->src\main\AndroidManifest.xml:16:25-66
21
22                <category android:name="android.intent.category.LAUNCHER" />
22-->src\main\AndroidManifest.xml:18:17-77
22-->src\main\AndroidManifest.xml:18:27-74
23            </intent-filter>
24            <intent-filter
24-->src\main\AndroidManifest.xml:21:13-32:29
25                android:autoVerify="true"
25-->src\main\AndroidManifest.xml:22:17-42
26                tools:targetApi="m" >
26-->src\main\AndroidManifest.xml:23:17-36
27                <action android:name="android.intent.action.VIEW" />
27-->src\main\AndroidManifest.xml:24:17-69
27-->src\main\AndroidManifest.xml:24:25-66
28
29                <category android:name="android.intent.category.DEFAULT" />
29-->src\main\AndroidManifest.xml:26:17-76
29-->src\main\AndroidManifest.xml:26:27-73
30                <category android:name="android.intent.category.BROWSABLE" />
30-->src\main\AndroidManifest.xml:27:17-78
30-->src\main\AndroidManifest.xml:27:27-75
31
32                <data
32-->src\main\AndroidManifest.xml:29:17-31:50
33                    android:host="cct.com.smedia.funreels"
33-->src\main\AndroidManifest.xml:30:21-59
34                    android:scheme="fbconnect" />
34-->src\main\AndroidManifest.xml:31:21-47
35            </intent-filter>
36            <intent-filter
36-->src\main\AndroidManifest.xml:34:13-44:29
37                android:autoVerify="true"
37-->src\main\AndroidManifest.xml:35:17-42
38                tools:targetApi="m" >
38-->src\main\AndroidManifest.xml:36:17-36
39                <action android:name="android.intent.action.VIEW" />
39-->src\main\AndroidManifest.xml:24:17-69
39-->src\main\AndroidManifest.xml:24:25-66
40
41                <category android:name="android.intent.category.DEFAULT" />
41-->src\main\AndroidManifest.xml:26:17-76
41-->src\main\AndroidManifest.xml:26:27-73
42                <category android:name="android.intent.category.BROWSABLE" />
42-->src\main\AndroidManifest.xml:27:17-78
42-->src\main\AndroidManifest.xml:27:27-75
43
44                <data android:scheme="android" />
44-->src\main\AndroidManifest.xml:29:17-31:50
44-->src\main\AndroidManifest.xml:31:21-47
45                <data android:host="funtv_app" />
45-->src\main\AndroidManifest.xml:29:17-31:50
45-->src\main\AndroidManifest.xml:30:21-59
46            </intent-filter>
47
48            <!-- openInstall -->
49            <intent-filter>
49-->src\main\AndroidManifest.xml:47:13-52:29
50                <action android:name="android.intent.action.VIEW" />
50-->src\main\AndroidManifest.xml:24:17-69
50-->src\main\AndroidManifest.xml:24:25-66
51
52                <category android:name="android.intent.category.DEFAULT" />
52-->src\main\AndroidManifest.xml:26:17-76
52-->src\main\AndroidManifest.xml:26:27-73
53                <category android:name="android.intent.category.BROWSABLE" />
53-->src\main\AndroidManifest.xml:27:17-78
53-->src\main\AndroidManifest.xml:27:27-75
54
55                <data android:scheme="mpn523" />
55-->src\main\AndroidManifest.xml:29:17-31:50
55-->src\main\AndroidManifest.xml:31:21-47
56            </intent-filter>
57        </activity>
58
59        <service
59-->src\main\AndroidManifest.xml:58:9-66:19
60            android:name="com.example.module_main.service.MyFirebaseMessagingService"
60-->src\main\AndroidManifest.xml:59:13-63
61            android:directBootAware="true"
61-->src\main\AndroidManifest.xml:61:13-43
62            android:exported="false"
62-->src\main\AndroidManifest.xml:60:13-37
63            tools:targetApi="n" >
63-->src\main\AndroidManifest.xml:62:13-32
64            <intent-filter>
64-->src\main\AndroidManifest.xml:63:13-65:29
65                <action android:name="com.google.firebase.MESSAGING_EVENT" />
65-->src\main\AndroidManifest.xml:64:17-78
65-->src\main\AndroidManifest.xml:64:25-75
66            </intent-filter>
67        </service>
68
69        <activity
69-->src\main\AndroidManifest.xml:70:9-75:20
70            android:name="com.example.module_main.ui.main.MainActivity"
70-->src\main\AndroidManifest.xml:71:13-49
71            android:exported="true"
71-->src\main\AndroidManifest.xml:72:13-36
72            android:launchMode="singleTask"
72-->src\main\AndroidManifest.xml:73:13-44
73            android:screenOrientation="portrait" >
73-->src\main\AndroidManifest.xml:74:13-49
74        </activity>
75        <activity
75-->src\main\AndroidManifest.xml:78:9-82:52
76            android:name="com.example.module_main.ui.history.PlayBackHistoryActivity"
76-->src\main\AndroidManifest.xml:79:13-63
77            android:exported="false"
77-->src\main\AndroidManifest.xml:80:13-37
78            android:launchMode="singleTask"
78-->src\main\AndroidManifest.xml:81:13-44
79            android:screenOrientation="portrait" />
79-->src\main\AndroidManifest.xml:82:13-49
80        <activity
80-->src\main\AndroidManifest.xml:85:9-89:52
81            android:name="com.example.module_main.ui.wallet.StoreActivity"
81-->src\main\AndroidManifest.xml:86:13-52
82            android:exported="false"
82-->src\main\AndroidManifest.xml:87:13-37
83            android:launchMode="singleTask"
83-->src\main\AndroidManifest.xml:88:13-44
84            android:screenOrientation="portrait" />
84-->src\main\AndroidManifest.xml:89:13-49
85        <activity
85-->src\main\AndroidManifest.xml:90:9-94:52
86            android:name="com.example.module_main.ui.my_wallet.MyWalletActivity"
86-->src\main\AndroidManifest.xml:91:13-58
87            android:exported="false"
87-->src\main\AndroidManifest.xml:92:13-37
88            android:launchMode="singleTask"
88-->src\main\AndroidManifest.xml:93:13-44
89            android:screenOrientation="portrait" />
89-->src\main\AndroidManifest.xml:94:13-49
90        <activity
90-->src\main\AndroidManifest.xml:96:9-100:52
91            android:name="com.example.module_main.ui.transaction.TransactionAllActivity"
91-->src\main\AndroidManifest.xml:97:13-66
92            android:exported="false"
92-->src\main\AndroidManifest.xml:98:13-37
93            android:launchMode="singleTask"
93-->src\main\AndroidManifest.xml:99:13-44
94            android:screenOrientation="portrait" />
94-->src\main\AndroidManifest.xml:100:13-49
95        <activity
95-->src\main\AndroidManifest.xml:103:9-107:52
96            android:name="com.example.module_main.ui.transaction.TransactionHisActivity"
96-->src\main\AndroidManifest.xml:104:13-66
97            android:exported="false"
97-->src\main\AndroidManifest.xml:105:13-37
98            android:launchMode="singleTask"
98-->src\main\AndroidManifest.xml:106:13-44
99            android:screenOrientation="portrait" />
99-->src\main\AndroidManifest.xml:107:13-49
100        <activity
100-->src\main\AndroidManifest.xml:110:9-114:52
101            android:name="com.example.module_main.ui.episodes.EpisodesActivity"
101-->src\main\AndroidManifest.xml:111:13-57
102            android:exported="false"
102-->src\main\AndroidManifest.xml:112:13-37
103            android:launchMode="singleTask"
103-->src\main\AndroidManifest.xml:113:13-44
104            android:screenOrientation="portrait" />
104-->src\main\AndroidManifest.xml:114:13-49
105        <activity
105-->src\main\AndroidManifest.xml:116:9-120:52
106            android:name="com.example.module_main.ui.bonus.BonusHisActivity"
106-->src\main\AndroidManifest.xml:117:13-54
107            android:exported="false"
107-->src\main\AndroidManifest.xml:118:13-37
108            android:launchMode="singleTask"
108-->src\main\AndroidManifest.xml:119:13-44
109            android:screenOrientation="portrait" />
109-->src\main\AndroidManifest.xml:120:13-49
110
111        <!-- <activity -->
112        <!-- android:name=".ui.bonusCenter.BonusCenterActivity" -->
113        <!-- android:exported="false" -->
114        <!-- android:launchMode="singleTask" -->
115        <!-- android:screenOrientation="portrait" /> -->
116
117        <activity
117-->src\main\AndroidManifest.xml:128:9-132:52
118            android:name="com.example.module_main.ui.bonusCenter.NewBonusCenterActivity"
118-->src\main\AndroidManifest.xml:129:13-66
119            android:exported="true"
119-->src\main\AndroidManifest.xml:130:13-36
120            android:launchMode="singleTask"
120-->src\main\AndroidManifest.xml:131:13-44
121            android:screenOrientation="portrait" />
121-->src\main\AndroidManifest.xml:132:13-49
122        <activity
122-->src\main\AndroidManifest.xml:134:9-138:52
123            android:name="com.example.module_main.ui.invite.InviteFriendActivity"
123-->src\main\AndroidManifest.xml:135:13-59
124            android:exported="true"
124-->src\main\AndroidManifest.xml:136:13-36
125            android:launchMode="singleTask"
125-->src\main\AndroidManifest.xml:137:13-44
126            android:screenOrientation="portrait" />
126-->src\main\AndroidManifest.xml:138:13-49
127        <activity
127-->src\main\AndroidManifest.xml:140:9-144:52
128            android:name="com.example.module_main.ui.setting.SettingActivity"
128-->src\main\AndroidManifest.xml:141:13-55
129            android:exported="false"
129-->src\main\AndroidManifest.xml:142:13-37
130            android:launchMode="singleTask"
130-->src\main\AndroidManifest.xml:143:13-44
131            android:screenOrientation="portrait" />
131-->src\main\AndroidManifest.xml:144:13-49
132        <activity
132-->src\main\AndroidManifest.xml:146:9-150:52
133            android:name="com.example.module_main.ui.host.HostActivity"
133-->src\main\AndroidManifest.xml:147:13-49
134            android:exported="false"
134-->src\main\AndroidManifest.xml:148:13-37
135            android:launchMode="singleTask"
135-->src\main\AndroidManifest.xml:149:13-44
136            android:screenOrientation="portrait" />
136-->src\main\AndroidManifest.xml:150:13-49
137        <activity
137-->src\main\AndroidManifest.xml:152:9-156:52
138            android:name="com.example.module_main.ui.web.WebViewActivity"
138-->src\main\AndroidManifest.xml:153:13-51
139            android:exported="false"
139-->src\main\AndroidManifest.xml:154:13-37
140            android:launchMode="singleTask"
140-->src\main\AndroidManifest.xml:155:13-44
141            android:screenOrientation="portrait" />
141-->src\main\AndroidManifest.xml:156:13-49
142        <activity
142-->src\main\AndroidManifest.xml:157:9-161:52
143            android:name="com.example.module_main.ui.web.TiktokWebViewActivity"
143-->src\main\AndroidManifest.xml:158:13-57
144            android:exported="false"
144-->src\main\AndroidManifest.xml:159:13-37
145            android:launchMode="singleTask"
145-->src\main\AndroidManifest.xml:160:13-44
146            android:screenOrientation="portrait" />
146-->src\main\AndroidManifest.xml:161:13-49
147        <activity
147-->src\main\AndroidManifest.xml:163:9-167:52
148            android:name="com.example.module_main.ui.search.SearchActivity"
148-->src\main\AndroidManifest.xml:164:13-53
149            android:exported="false"
149-->src\main\AndroidManifest.xml:165:13-37
150            android:launchMode="singleTop"
150-->src\main\AndroidManifest.xml:166:13-43
151            android:screenOrientation="portrait" />
151-->src\main\AndroidManifest.xml:167:13-49
152        <activity
152-->src\main\AndroidManifest.xml:168:9-172:52
153            android:name="com.example.module_main.ui.bonus.BonusHistoryActivity"
153-->src\main\AndroidManifest.xml:169:13-58
154            android:exported="false"
154-->src\main\AndroidManifest.xml:170:13-37
155            android:launchMode="singleTop"
155-->src\main\AndroidManifest.xml:171:13-43
156            android:screenOrientation="portrait" />
156-->src\main\AndroidManifest.xml:172:13-49
157        <activity
157-->src\main\AndroidManifest.xml:173:9-177:52
158            android:name="com.example.module_main.ui.home.TrendingActivity"
158-->src\main\AndroidManifest.xml:174:13-53
159            android:exported="false"
159-->src\main\AndroidManifest.xml:175:13-37
160            android:launchMode="singleTop"
160-->src\main\AndroidManifest.xml:176:13-43
161            android:screenOrientation="portrait" />
161-->src\main\AndroidManifest.xml:177:13-49
162        <activity
162-->src\main\AndroidManifest.xml:178:9-182:52
163            android:name="com.example.module_main.ui.home.HomeMoreActivity"
163-->src\main\AndroidManifest.xml:179:13-53
164            android:exported="false"
164-->src\main\AndroidManifest.xml:180:13-37
165            android:launchMode="singleTop"
165-->src\main\AndroidManifest.xml:181:13-43
166            android:screenOrientation="portrait" />
166-->src\main\AndroidManifest.xml:182:13-49
167        <activity
167-->src\main\AndroidManifest.xml:184:9-188:52
168            android:name="com.example.module_main.ui.subscription.SubscriptionActivity"
168-->src\main\AndroidManifest.xml:185:13-65
169            android:exported="false"
169-->src\main\AndroidManifest.xml:186:13-37
170            android:launchMode="singleTop"
170-->src\main\AndroidManifest.xml:187:13-43
171            android:screenOrientation="portrait" />
171-->src\main\AndroidManifest.xml:188:13-49
172        <activity
172-->src\main\AndroidManifest.xml:189:9-193:52
173            android:name="com.example.module_main.ui.setting.LanguageActivity"
173-->src\main\AndroidManifest.xml:190:13-56
174            android:exported="false"
174-->src\main\AndroidManifest.xml:191:13-37
175            android:launchMode="singleTop"
175-->src\main\AndroidManifest.xml:192:13-43
176            android:screenOrientation="portrait" />
176-->src\main\AndroidManifest.xml:193:13-49
177    </application>
178
179</manifest>